<?xml version="1.0" encoding="UTF-8"?>
<!-- Generated by org.testng.reporters.JUnitReportReporter -->
<testsuite skipped="0" hostname="sairam-PC" name="TestNG.addressbook" tests="1" failures="0" timestamp="04 Nov 2018 03:48:45 GMT" time="11.248" errors="0">
  <testcase name="verfiyaddbook" time="11.248" classname="TestNG.addressbook"/>
</testsuite> <!-- TestNG.addressbook -->
